[11:29:25] [ServerMain/INFO]: Environment: Environment[sessionHost=https://sessionserver.mojang.com, servicesHost=https://api.minecraftservices.com, name=PROD]
[11:29:38] [ServerMain/INFO]: Loaded 1407 recipes
[11:29:38] [ServerMain/INFO]: Loaded 1520 advancements
[11:29:39] [Server thread/INFO]: Starting minecraft server version 1.21.8
[11:29:39] [Server thread/INFO]: Loading properties
[11:29:39] [Server thread/INFO]: Default game type: SURVIVAL
[11:29:39] [Server thread/INFO]: Generating keypair
[11:29:39] [Server thread/INFO]: Starting Minecraft server on *:25565
[11:29:40] [Server thread/INFO]: Using epoll channel type
[11:29:40] [Server thread/INFO]: Preparing level "world"
[11:29:42] [Server thread/INFO]: Preparing start region for dimension minecraft:overworld
[11:29:52] [Worker-Main-2/INFO]: Preparing spawn area: 0%
[11:29:52] [Worker-Main-2/INFO]: Preparing spawn area: 0%
[11:29:52] [Worker-Main-2/INFO]: Preparing spawn area: 0%
[11:29:52] [Worker-Main-2/INFO]: Preparing spawn area: 0%
[11:29:52] [Worker-Main-2/INFO]: Preparing spawn area: 0%
[11:29:52] [Worker-Main-2/INFO]: Preparing spawn area: 0%
[11:29:52] [Worker-Main-2/INFO]: Preparing spawn area: 0%
[11:29:52] [Worker-Main-2/INFO]: Preparing spawn area: 0%
[11:29:52] [Worker-Main-2/INFO]: Preparing spawn area: 0%
[11:29:52] [Worker-Main-2/INFO]: Preparing spawn area: 0%
[11:29:52] [Worker-Main-2/INFO]: Preparing spawn area: 0%
[11:29:52] [Worker-Main-2/INFO]: Preparing spawn area: 0%
[11:29:52] [Worker-Main-2/INFO]: Preparing spawn area: 0%
[11:29:52] [Worker-Main-2/INFO]: Preparing spawn area: 0%
[11:29:52] [Worker-Main-2/INFO]: Preparing spawn area: 0%
[11:29:52] [Worker-Main-2/INFO]: Preparing spawn area: 0%
[11:29:52] [Worker-Main-2/INFO]: Preparing spawn area: 0%
[11:29:52] [Worker-Main-2/INFO]: Preparing spawn area: 0%
[11:29:52] [Worker-Main-2/INFO]: Preparing spawn area: 0%
[11:29:52] [Worker-Main-2/INFO]: Preparing spawn area: 0%
[11:29:52] [Worker-Main-2/INFO]: Preparing spawn area: 0%
[11:29:52] [Worker-Main-2/INFO]: Preparing spawn area: 0%
[11:29:53] [Server thread/INFO]: Time elapsed: 10836 ms
[11:29:53] [Server thread/INFO]: Done (12.606s)! For help, type "help"
[11:30:09] [Server thread/INFO]: No player was found
[11:30:14] [Server thread/INFO]: /advancement (grant|revoke)
[11:30:14] [Server thread/INFO]: /attribute <target> <attribute> (get|base|modifier)
[11:30:14] [Server thread/INFO]: /execute (run|if|unless|as|at|store|positioned|rotated|facing|align|anchored|in|summon|on)
[11:30:14] [Server thread/INFO]: /bossbar (add|remove|list|set|get)
[11:30:14] [Server thread/INFO]: /clear [<targets>]
[11:30:14] [Server thread/INFO]: /clone (<begin>|from)
[11:30:14] [Server thread/INFO]: /damage <target> <amount> [<damageType>]
[11:30:14] [Server thread/INFO]: /data (merge|get|remove|modify)
[11:30:14] [Server thread/INFO]: /datapack (enable|disable|list|create)
[11:30:14] [Server thread/INFO]: /debug (start|stop|function)
[11:30:14] [Server thread/INFO]: /defaultgamemode <gamemode>
[11:30:14] [Server thread/INFO]: /dialog (show|clear)
[11:30:14] [Server thread/INFO]: /difficulty [peaceful|easy|normal|hard]
[11:30:14] [Server thread/INFO]: /effect (clear|give)
[11:30:14] [Server thread/INFO]: /me <action>
[11:30:14] [Server thread/INFO]: /enchant <targets> <enchantment> [<level>]
[11:30:14] [Server thread/INFO]: /experience (add|set|query)
[11:30:14] [Server thread/INFO]: /xp -> experience
[11:30:14] [Server thread/INFO]: /fill <from> <to> <block> [outline|hollow|destroy|strict|replace|keep]
[11:30:14] [Server thread/INFO]: /fillbiome <from> <to> <biome> [replace]
[11:30:14] [Server thread/INFO]: /forceload (add|remove|query)
[11:30:14] [Server thread/INFO]: /function <name> [<arguments>|with]
[11:30:14] [Server thread/INFO]: /gamemode <gamemode> [<target>]
[11:30:14] [Server thread/INFO]: /gamerule (allowFireTicksAwayFromPlayer|announceAdvancements|blockExplosionDropDecay|commandBlockOutput|commandModificationBlockLimit|disableElytraMovementCheck|disablePlayerMovementCheck|disableRaids|doDaylightCycle|doEntityDrops|doFireTick|doImmediateRespawn|doInsomnia|doLimitedCrafting|doMobLoot|doMobSpawning|doPatrolSpawning|doTileDrops|doTraderSpawning|doVinesSpread|doWardenSpawning|doWeatherCycle|drowningDamage|enderPearlsVanishOnDeath|fallDamage|fireDamage|forgiveDeadPlayers|freezeDamage|globalSoundEvents|keepInventory|lavaSourceConversion|locatorBar|logAdminCommands|maxCommandChainLength|maxCommandForkCount|maxEntityCramming|mobExplosionDropDecay|mobGriefing|naturalRegeneration|playersNetherPortalCreativeDelay|playersNetherPortalDefaultDelay|playersSleepingPercentage|projectilesCanBreakBlocks|randomTickSpeed|reducedDebugInfo|sendCommandFeedback|showDeathMessages|snowAccumulationHeight|spawnChunkRadius|spawnRadius|spectatorsGenerateChunks|tntExplodes|tntExplosionDropDecay|universalAnger|waterSourceConversion)
[11:30:14] [Server thread/INFO]: /give <targets> <item> [<count>]
[11:30:14] [Server thread/INFO]: /help [<command>]
[11:30:14] [Server thread/INFO]: /item (replace|modify)
[11:30:14] [Server thread/INFO]: /kick <targets> [<reason>]
[11:30:14] [Server thread/INFO]: /kill [<targets>]
[11:30:14] [Server thread/INFO]: /list [uuids]
[11:30:14] [Server thread/INFO]: /locate (structure|biome|poi)
[11:30:14] [Server thread/INFO]: /loot (replace|insert|give|spawn)
[11:30:14] [Server thread/INFO]: /msg <targets> <message>
[11:30:14] [Server thread/INFO]: /tell -> msg
[11:30:14] [Server thread/INFO]: /w -> msg
[11:30:14] [Server thread/INFO]: /particle <name> [<pos>]
[11:30:14] [Server thread/INFO]: /place (feature|jigsaw|structure|template)
[11:30:14] [Server thread/INFO]: /playsound <sound> [master|music|record|weather|block|hostile|neutral|player|ambient|voice|ui]
[11:30:14] [Server thread/INFO]: /random (value|roll|reset)
[11:30:14] [Server thread/INFO]: /reload
[11:30:14] [Server thread/INFO]: /recipe (give|take)
[11:30:14] [Server thread/INFO]: /return (<value>|fail|run)
[11:30:14] [Server thread/INFO]: /ride <target> (mount|dismount)
[11:30:14] [Server thread/INFO]: /rotate <target> (<rotation>|facing)
[11:30:14] [Server thread/INFO]: /say <message>
[11:30:14] [Server thread/INFO]: /schedule (function|clear)
[11:30:14] [Server thread/INFO]: /scoreboard (objectives|players)
[11:30:14] [Server thread/INFO]: /seed
[11:30:14] [Server thread/INFO]: /version
[11:30:14] [Server thread/INFO]: /setblock <pos> <block> [destroy|keep|replace|strict]
[11:30:14] [Server thread/INFO]: /spawnpoint [<targets>]
[11:30:14] [Server thread/INFO]: /setworldspawn [<pos>]
[11:30:14] [Server thread/INFO]: /spectate [<target>]
[11:30:14] [Server thread/INFO]: /spreadplayers <center> <spreadDistance> <maxRange> (<respectTeams>|under)
[11:30:14] [Server thread/INFO]: /stopsound <targets> [*|master|music|record|weather|block|hostile|neutral|player|ambient|voice|ui]
[11:30:14] [Server thread/INFO]: /summon <entity> [<pos>]
[11:30:14] [Server thread/INFO]: /tag <targets> (add|remove|list)
[11:30:14] [Server thread/INFO]: /team (list|add|remove|empty|join|leave|modify)
[11:30:14] [Server thread/INFO]: /teammsg <message>
[11:30:14] [Server thread/INFO]: /tm -> teammsg
[11:30:14] [Server thread/INFO]: /teleport (<location>|<destination>|<targets>)
[11:30:14] [Server thread/INFO]: /tp -> teleport
[11:30:14] [Server thread/INFO]: /tellraw <targets> <message>
[11:30:14] [Server thread/INFO]: /test (run|runmultiple|runthese|runclosest|runthat|runfailed|verify|locate|resetclosest|resetthese|resetthat|clearthat|clearthese|clearall|stop|pos|create)
[11:30:14] [Server thread/INFO]: /tick (query|rate|step|sprint|unfreeze|freeze)
[11:30:14] [Server thread/INFO]: /time (set|add|query)
[11:30:14] [Server thread/INFO]: /title <targets> (clear|reset|title|subtitle|actionbar|times)
[11:30:14] [Server thread/INFO]: /trigger <objective> [add|set]
[11:30:14] [Server thread/INFO]: /waypoint (list|modify)
[11:30:14] [Server thread/INFO]: /weather (clear|rain|thunder)
[11:30:14] [Server thread/INFO]: /worldborder (add|set|center|damage|get|warning)
[11:30:14] [Server thread/INFO]: /jfr (start|stop)
[11:30:14] [Server thread/INFO]: /ban-ip <target> [<reason>]
[11:30:14] [Server thread/INFO]: /banlist [ips|players]
[11:30:14] [Server thread/INFO]: /ban <targets> [<reason>]
[11:30:14] [Server thread/INFO]: /deop <targets>
[11:30:14] [Server thread/INFO]: /op <targets>
[11:30:14] [Server thread/INFO]: /pardon <targets>
[11:30:14] [Server thread/INFO]: /pardon-ip <target>
[11:30:14] [Server thread/INFO]: /perf (start|stop)
[11:30:14] [Server thread/INFO]: /save-all [flush]
[11:30:14] [Server thread/INFO]: /save-off
[11:30:14] [Server thread/INFO]: /save-on
[11:30:14] [Server thread/INFO]: /setidletimeout <minutes>
[11:30:14] [Server thread/INFO]: /stop
[11:30:14] [Server thread/INFO]: /transfer <hostname> [<port>]
[11:30:14] [Server thread/INFO]: /whitelist (on|off|list|add|remove|reload)
[11:30:53] [Server thread/INFO]: Server empty for 60 seconds, pausing
[11:31:04] [Server thread/INFO]: Incorrect argument for command
[11:31:04] [Server thread/INFO]: locate /locate desert_temple<--[HERE]
[11:31:13] [Server thread/INFO]: Incorrect argument for command
[11:31:13] [Server thread/INFO]: locate desert_temple<--[HERE]
[11:31:26] [Server thread/INFO]: Incorrect argument for command
[11:31:26] [Server thread/INFO]: locate minecraft:desert_temple<--[HERE]
[11:32:14] [Server thread/INFO]: Incorrect argument for command
[11:32:14] [Server thread/INFO]: gamerule domobspawning false<--[HERE]
[11:32:24] [Server thread/INFO]: Stopping the server
[11:32:24] [Server thread/INFO]: Stopping server
[11:32:24] [Server thread/INFO]: Saving players
[11:32:24] [Server thread/INFO]: Saving worlds
[11:32:25] [Server thread/INFO]: Saving chunks for level 'ServerLevel[world]'/minecraft:overworld
[11:32:25] [Server thread/INFO]: Saving chunks for level 'ServerLevel[world]'/minecraft:the_nether
[11:32:25] [Server thread/INFO]: Saving chunks for level 'ServerLevel[world]'/minecraft:the_end
[11:32:25] [Server thread/INFO]: ThreadedAnvilChunkStorage (world): All chunks are saved
[11:32:25] [Server thread/INFO]: ThreadedAnvilChunkStorage (DIM-1): All chunks are saved
[11:32:25] [Server thread/INFO]: ThreadedAnvilChunkStorage (DIM1): All chunks are saved
[11:32:25] [Server thread/INFO]: ThreadedAnvilChunkStorage: All dimensions are saved
